 
2025-05-23 08:16:25,108 - ERROR - Batch processing failed ! 'str' object has no attribute 'mkdir'
2025-05-23 08:27:11,089 - ERROR - Batch processing failed ! Of the four parameters: start, end, periods, and freq, exactly three must be specified
2025-05-23 08:31:04,977 - INFO - Saved invoice data: E:\excel files\Home Work.xlsx
2025-05-23 09:06:03,977 - INFO - Saved invoice data: E:\excel files\sample-inoivce-1-service.xlsx
2025-05-23 09:07:32,116 - ERROR - Batch processing failed ! [Errno 13] Permission denied: 'E:\\excel files\\sample-inoivce-1-service.xlsx'
2025-05-23 09:07:41,566 - INFO - Saved invoice data: E:\excel files\sample-inoivce-1-service.xlsx
2025-05-24 08:25:24,200 - INFO - Saved invoice data: E:\excel files\invoice_1.xlsx
2025-05-24 08:25:24,261 - INFO - Saved invoice data: E:\excel files\invoice_10.xlsx
2025-05-24 08:25:24,307 - INFO - Saved invoice data: E:\excel files\invoice_100.xlsx
2025-05-24 08:25:24,355 - INFO - Saved invoice data: E:\excel files\invoice_11.xlsx
2025-05-24 08:25:24,409 - INFO - Saved invoice data: E:\excel files\invoice_12.xlsx
2025-05-24 08:25:24,454 - INFO - Saved invoice data: E:\excel files\invoice_13.xlsx
2025-05-24 08:25:24,487 - INFO - Saved invoice data: E:\excel files\invoice_14.xlsx
2025-05-24 08:25:24,543 - INFO - Saved invoice data: E:\excel files\invoice_15.xlsx
2025-05-24 08:25:24,594 - INFO - Saved invoice data: E:\excel files\invoice_16.xlsx
2025-05-24 08:25:24,641 - INFO - Saved invoice data: E:\excel files\invoice_17.xlsx
2025-05-24 08:25:24,687 - INFO - Saved invoice data: E:\excel files\invoice_18.xlsx
2025-05-24 08:25:24,721 - INFO - Saved invoice data: E:\excel files\invoice_19.xlsx
2025-05-24 08:25:24,777 - INFO - Saved invoice data: E:\excel files\invoice_2.xlsx
2025-05-24 08:25:24,825 - INFO - Saved invoice data: E:\excel files\invoice_20.xlsx
2025-05-24 08:25:24,872 - INFO - Saved invoice data: E:\excel files\invoice_21.xlsx
2025-05-24 08:25:24,904 - INFO - Saved invoice data: E:\excel files\invoice_22.xlsx
2025-05-24 08:25:24,954 - INFO - Saved invoice data: E:\excel files\invoice_23.xlsx
2025-05-24 08:25:25,010 - INFO - Saved invoice data: E:\excel files\invoice_24.xlsx
2025-05-24 08:25:25,057 - INFO - Saved invoice data: E:\excel files\invoice_25.xlsx
2025-05-24 08:25:25,087 - INFO - Saved invoice data: E:\excel files\invoice_26.xlsx
2025-05-24 08:25:25,143 - INFO - Saved invoice data: E:\excel files\invoice_27.xlsx
2025-05-24 08:25:25,226 - INFO - Saved invoice data: E:\excel files\invoice_28.xlsx
2025-05-24 08:25:25,271 - INFO - Saved invoice data: E:\excel files\invoice_29.xlsx
2025-05-24 08:25:25,304 - INFO - Saved invoice data: E:\excel files\invoice_3.xlsx
2025-05-24 08:25:25,359 - INFO - Saved invoice data: E:\excel files\invoice_30.xlsx
2025-05-24 08:25:25,407 - INFO - Saved invoice data: E:\excel files\invoice_31.xlsx
2025-05-24 08:25:25,452 - INFO - Saved invoice data: E:\excel files\invoice_32.xlsx
2025-05-24 08:25:25,487 - INFO - Saved invoice data: E:\excel files\invoice_33.xlsx
2025-05-24 08:25:25,542 - INFO - Saved invoice data: E:\excel files\invoice_34.xlsx
2025-05-24 08:25:25,594 - INFO - Saved invoice data: E:\excel files\invoice_35.xlsx
2025-05-24 08:25:25,640 - INFO - Saved invoice data: E:\excel files\invoice_36.xlsx
2025-05-24 08:25:25,670 - INFO - Saved invoice data: E:\excel files\invoice_37.xlsx
2025-05-24 08:25:25,721 - INFO - Saved invoice data: E:\excel files\invoice_38.xlsx
2025-05-24 08:25:25,777 - INFO - Saved invoice data: E:\excel files\invoice_39.xlsx
2025-05-24 08:25:25,824 - INFO - Saved invoice data: E:\excel files\invoice_4.xlsx
2025-05-24 08:25:25,869 - INFO - Saved invoice data: E:\excel files\invoice_40.xlsx
2025-05-24 08:25:25,904 - INFO - Saved invoice data: E:\excel files\invoice_41.xlsx
2025-05-24 08:25:25,959 - INFO - Saved invoice data: E:\excel files\invoice_42.xlsx
2025-05-24 08:25:26,007 - INFO - Saved invoice data: E:\excel files\invoice_43.xlsx
2025-05-24 08:25:26,037 - INFO - Saved invoice data: E:\excel files\invoice_44.xlsx
2025-05-24 08:25:26,087 - INFO - Saved invoice data: E:\excel files\invoice_45.xlsx
2025-05-24 08:25:26,143 - INFO - Saved invoice data: E:\excel files\invoice_46.xlsx
2025-05-24 08:25:26,190 - INFO - Saved invoice data: E:\excel files\invoice_47.xlsx
2025-05-24 08:25:26,227 - INFO - Saved invoice data: E:\excel files\invoice_48.xlsx
2025-05-24 08:25:26,271 - INFO - Saved invoice data: E:\excel files\invoice_49.xlsx
2025-05-24 08:25:26,320 - INFO - Saved invoice data: E:\excel files\invoice_5.xlsx
2025-05-24 08:25:26,370 - INFO - Saved invoice data: E:\excel files\invoice_50.xlsx
2025-05-24 08:25:26,649 - INFO - Saved invoice data: E:\excel files\invoice_51.xlsx
2025-05-24 08:25:26,805 - INFO - Saved invoice data: E:\excel files\invoice_52.xlsx
2025-05-24 08:25:26,904 - INFO - Saved invoice data: E:\excel files\invoice_53.xlsx
2025-05-24 08:25:26,971 - INFO - Saved invoice data: E:\excel files\invoice_54.xlsx
2025-05-24 08:25:27,026 - INFO - Saved invoice data: E:\excel files\invoice_55.xlsx
2025-05-24 08:25:27,088 - INFO - Saved invoice data: E:\excel files\invoice_56.xlsx
2025-05-24 08:25:27,154 - INFO - Saved invoice data: E:\excel files\invoice_57.xlsx
2025-05-24 08:25:27,210 - INFO - Saved invoice data: E:\excel files\invoice_58.xlsx
2025-05-24 08:25:27,269 - INFO - Saved invoice data: E:\excel files\invoice_59.xlsx
2025-05-24 08:25:27,326 - INFO - Saved invoice data: E:\excel files\invoice_6.xlsx
2025-05-24 08:25:27,387 - INFO - Saved invoice data: E:\excel files\invoice_60.xlsx
2025-05-24 08:25:27,443 - INFO - Saved invoice data: E:\excel files\invoice_61.xlsx
2025-05-24 08:25:27,521 - INFO - Saved invoice data: E:\excel files\invoice_62.xlsx
2025-05-24 08:25:27,575 - INFO - Saved invoice data: E:\excel files\invoice_63.xlsx
2025-05-24 08:25:27,627 - INFO - Saved invoice data: E:\excel files\invoice_64.xlsx
2025-05-24 08:25:27,671 - INFO - Saved invoice data: E:\excel files\invoice_65.xlsx
2025-05-24 08:25:27,739 - INFO - Saved invoice data: E:\excel files\invoice_66.xlsx
2025-05-24 08:25:27,792 - INFO - Saved invoice data: E:\excel files\invoice_67.xlsx
2025-05-24 08:25:27,845 - INFO - Saved invoice data: E:\excel files\invoice_68.xlsx
2025-05-24 08:25:27,893 - INFO - Saved invoice data: E:\excel files\invoice_69.xlsx
2025-05-24 08:25:27,951 - INFO - Saved invoice data: E:\excel files\invoice_7.xlsx
2025-05-24 08:25:27,987 - INFO - Saved invoice data: E:\excel files\invoice_70.xlsx
2025-05-24 08:25:28,038 - INFO - Saved invoice data: E:\excel files\invoice_71.xlsx
2025-05-24 08:25:28,087 - INFO - Saved invoice data: E:\excel files\invoice_72.xlsx
2025-05-24 08:25:28,137 - INFO - Saved invoice data: E:\excel files\invoice_73.xlsx
2025-05-24 08:25:28,192 - INFO - Saved invoice data: E:\excel files\invoice_74.xlsx
2025-05-24 08:25:28,243 - INFO - Saved invoice data: E:\excel files\invoice_75.xlsx
2025-05-24 08:25:28,294 - INFO - Saved invoice data: E:\excel files\invoice_76.xlsx
2025-05-24 08:25:28,344 - INFO - Saved invoice data: E:\excel files\invoice_77.xlsx
2025-05-24 08:25:28,393 - INFO - Saved invoice data: E:\excel files\invoice_78.xlsx
2025-05-24 08:25:28,443 - INFO - Saved invoice data: E:\excel files\invoice_79.xlsx
2025-05-24 08:25:28,491 - INFO - Saved invoice data: E:\excel files\invoice_8.xlsx
2025-05-24 08:25:28,537 - INFO - Saved invoice data: E:\excel files\invoice_80.xlsx
2025-05-24 08:25:28,603 - INFO - Saved invoice data: E:\excel files\invoice_81.xlsx
2025-05-24 08:25:28,659 - INFO - Saved invoice data: E:\excel files\invoice_82.xlsx
2025-05-24 08:25:28,706 - INFO - Saved invoice data: E:\excel files\invoice_83.xlsx
2025-05-24 08:25:28,738 - INFO - Saved invoice data: E:\excel files\invoice_84.xlsx
2025-05-24 08:25:28,793 - INFO - Saved invoice data: E:\excel files\invoice_85.xlsx
2025-05-24 08:25:28,843 - INFO - Saved invoice data: E:\excel files\invoice_86.xlsx
2025-05-24 08:25:28,890 - INFO - Saved invoice data: E:\excel files\invoice_87.xlsx
2025-05-24 08:25:28,921 - INFO - Saved invoice data: E:\excel files\invoice_88.xlsx
2025-05-24 08:25:28,970 - INFO - Saved invoice data: E:\excel files\invoice_89.xlsx
2025-05-24 08:25:29,026 - INFO - Saved invoice data: E:\excel files\invoice_9.xlsx
2025-05-24 08:25:29,071 - INFO - Saved invoice data: E:\excel files\invoice_90.xlsx
2025-05-24 08:25:29,104 - INFO - Saved invoice data: E:\excel files\invoice_91.xlsx
2025-05-24 08:25:29,160 - INFO - Saved invoice data: E:\excel files\invoice_92.xlsx
2025-05-24 08:25:29,209 - INFO - Saved invoice data: E:\excel files\invoice_93.xlsx
2025-05-24 08:25:29,251 - INFO - Saved invoice data: E:\excel files\invoice_94.xlsx
2025-05-24 08:25:29,293 - INFO - Saved invoice data: E:\excel files\invoice_95.xlsx
2025-05-24 08:25:29,337 - INFO - Saved invoice data: E:\excel files\invoice_96.xlsx
2025-05-24 08:25:29,389 - INFO - Saved invoice data: E:\excel files\invoice_97.xlsx
2025-05-24 08:25:29,436 - INFO - Saved invoice data: E:\excel files\invoice_98.xlsx
2025-05-24 08:25:29,470 - INFO - Saved invoice data: E:\excel files\invoice_99.xlsx
